[2026-04-01 09:43:34] local.INFO: Daily Transactions: {"2026-04-01":{"stdClass":{"date":"2026-04-01","fund_in":"0.00","payment_receive":"3450.00","refund":"0.00","fund_out":"0.00","purchase":"0.00","expense":"0.00"}}} 
[2026-04-01 09:43:34] local.INFO: Extra Incomes:  
[2026-04-01 09:43:43] local.INFO: Date Range {"start_date":"2026-04-01","end_date":"2026-04-30"} 
[2026-04-01 10:31:59] local.ERROR: Target class [Database\Seeders\DatabaseSeedersAssignCustomerBranchesSeeder] does not exist. {"exception":"[object] (Illuminate\\Contracts\\Container\\BindingResolutionException(code: 0): Target class [Database\\Seeders\\DatabaseSeedersAssignCustomerBranchesSeeder] does not exist. at C:\\Code\\mousumi_pos\\vendor\\laravel\\framework\\src\\Illuminate\\Container\\Container.php:961)
[stacktrace]
#0 C:\\Code\\mousumi_pos\\vendor\\laravel\\framework\\src\\Illuminate\\Container\\Container.php(832): Illuminate\\Container\\Container->build('Database\\\\Seeder...')
#1 C:\\Code\\mousumi_pos\\vendor\\laravel\\framework\\src\\Illuminate\\Foundation\\Application.php(1078): Illuminate\\Container\\Container->resolve('Database\\\\Seeder...', Array, true)
#2 C:\\Code\\mousumi_pos\\vendor\\laravel\\framework\\src\\Illuminate\\Container\\Container.php(763): Illuminate\\Foundation\\Application->resolve('Database\\\\Seeder...', Array)
#3 C:\\Code\\mousumi_pos\\vendor\\laravel\\framework\\src\\Illuminate\\Foundation\\Application.php(1058): Illuminate\\Container\\Container->make('Database\\\\Seeder...', Array)
#4 C:\\Code\\mousumi_pos\\vendor\\laravel\\framework\\src\\Illuminate\\Database\\Console\\Seeds\\SeedCommand.php(98): Illuminate\\Foundation\\Application->make('Database\\\\Seeder...')
#5 C:\\Code\\mousumi_pos\\vendor\\laravel\\framework\\src\\Illuminate\\Database\\Console\\Seeds\\SeedCommand.php(70): Illuminate\\Database\\Console\\Seeds\\SeedCommand->getSeeder()
#6 C:\\Code\\mousumi_pos\\vendor\\laravel\\framework\\src\\Illuminate\\Database\\Eloquent\\Concerns\\GuardsAttributes.php(155): Illuminate\\Database\\Console\\Seeds\\SeedCommand->{closure:Illuminate\\Database\\Console\\Seeds\\SeedCommand::handle():69}()
#7 C:\\Code\\mousumi_pos\\vendor\\laravel\\framework\\src\\Illuminate\\Database\\Console\\Seeds\\SeedCommand.php(69): Illuminate\\Database\\Eloquent\\Model::unguarded(Object(Closure))
#8 C:\\Code\\mousumi_pos\\vendor\\laravel\\framework\\src\\Illuminate\\Container\\BoundMethod.php(36): Illuminate\\Database\\Console\\Seeds\\SeedCommand->handle()
#9 C:\\Code\\mousumi_pos\\vendor\\laravel\\framework\\src\\Illuminate\\Container\\Util.php(43): Illuminate\\Container\\BoundMethod::{closure:Illuminate\\Container\\BoundMethod::call():35}()
#10 C:\\Code\\mousumi_pos\\vendor\\laravel\\framework\\src\\Illuminate\\Container\\BoundMethod.php(95): Illuminate\\Container\\Util::unwrapIfClosure(Object(Closure))
#11 C:\\Code\\mousumi_pos\\vendor\\laravel\\framework\\src\\Illuminate\\Container\\BoundMethod.php(35): Illuminate\\Container\\BoundMethod::callBoundMethod(Object(Illuminate\\Foundation\\Application), Array, Object(Closure))
#12 C:\\Code\\mousumi_pos\\vendor\\laravel\\framework\\src\\Illuminate\\Container\\Container.php(696): Illuminate\\Container\\BoundMethod::call(Object(Illuminate\\Foundation\\Application), Array, Array, NULL)
#13 C:\\Code\\mousumi_pos\\vendor\\laravel\\framework\\src\\Illuminate\\Console\\Command.php(213): Illuminate\\Container\\Container->call(Array)
#14 C:\\Code\\mousumi_pos\\vendor\\symfony\\console\\Command\\Command.php(279): Illuminate\\Console\\Command->execute(Object(Symfony\\Component\\Console\\Input\\ArgvInput), Object(Illuminate\\Console\\OutputStyle))
#15 C:\\Code\\mousumi_pos\\vendor\\laravel\\framework\\src\\Illuminate\\Console\\Command.php(182): Symfony\\Component\\Console\\Command\\Command->run(Object(Symfony\\Component\\Console\\Input\\ArgvInput), Object(Illuminate\\Console\\OutputStyle))
#16 C:\\Code\\mousumi_pos\\vendor\\symfony\\console\\Application.php(1094): Illuminate\\Console\\Command->run(Object(Symfony\\Component\\Console\\Input\\ArgvInput), Object(Symfony\\Component\\Console\\Output\\ConsoleOutput))
#17 C:\\Code\\mousumi_pos\\vendor\\symfony\\console\\Application.php(342): Symfony\\Component\\Console\\Application->doRunCommand(Object(Illuminate\\Database\\Console\\Seeds\\SeedCommand), Object(Symfony\\Component\\Console\\Input\\ArgvInput), Object(Symfony\\Component\\Console\\Output\\ConsoleOutput))
#18 C:\\Code\\mousumi_pos\\vendor\\symfony\\console\\Application.php(193): Symfony\\Component\\Console\\Application->doRun(Object(Symfony\\Component\\Console\\Input\\ArgvInput), Object(Symfony\\Component\\Console\\Output\\ConsoleOutput))
#19 C:\\Code\\mousumi_pos\\vendor\\laravel\\framework\\src\\Illuminate\\Foundation\\Console\\Kernel.php(198): Symfony\\Component\\Console\\Application->run(Object(Symfony\\Component\\Console\\Input\\ArgvInput), Object(Symfony\\Component\\Console\\Output\\ConsoleOutput))
#20 C:\\Code\\mousumi_pos\\vendor\\laravel\\framework\\src\\Illuminate\\Foundation\\Application.php(1235): Illuminate\\Foundation\\Console\\Kernel->handle(Object(Symfony\\Component\\Console\\Input\\ArgvInput), Object(Symfony\\Component\\Console\\Output\\ConsoleOutput))
#21 C:\\Code\\mousumi_pos\\artisan(13): Illuminate\\Foundation\\Application->handleCommand(Object(Symfony\\Component\\Console\\Input\\ArgvInput))
#22 {main}

[previous exception] [object] (ReflectionException(code: -1): Class \"Database\\Seeders\\DatabaseSeedersAssignCustomerBranchesSeeder\" does not exist at C:\\Code\\mousumi_pos\\vendor\\laravel\\framework\\src\\Illuminate\\Container\\Container.php:959)
[stacktrace]
#0 C:\\Code\\mousumi_pos\\vendor\\laravel\\framework\\src\\Illuminate\\Container\\Container.php(959): ReflectionClass->__construct('Database\\\\Seeder...')
#1 C:\\Code\\mousumi_pos\\vendor\\laravel\\framework\\src\\Illuminate\\Container\\Container.php(832): Illuminate\\Container\\Container->build('Database\\\\Seeder...')
#2 C:\\Code\\mousumi_pos\\vendor\\laravel\\framework\\src\\Illuminate\\Foundation\\Application.php(1078): Illuminate\\Container\\Container->resolve('Database\\\\Seeder...', Array, true)
#3 C:\\Code\\mousumi_pos\\vendor\\laravel\\framework\\src\\Illuminate\\Container\\Container.php(763): Illuminate\\Foundation\\Application->resolve('Database\\\\Seeder...', Array)
#4 C:\\Code\\mousumi_pos\\vendor\\laravel\\framework\\src\\Illuminate\\Foundation\\Application.php(1058): Illuminate\\Container\\Container->make('Database\\\\Seeder...', Array)
#5 C:\\Code\\mousumi_pos\\vendor\\laravel\\framework\\src\\Illuminate\\Database\\Console\\Seeds\\SeedCommand.php(98): Illuminate\\Foundation\\Application->make('Database\\\\Seeder...')
#6 C:\\Code\\mousumi_pos\\vendor\\laravel\\framework\\src\\Illuminate\\Database\\Console\\Seeds\\SeedCommand.php(70): Illuminate\\Database\\Console\\Seeds\\SeedCommand->getSeeder()
#7 C:\\Code\\mousumi_pos\\vendor\\laravel\\framework\\src\\Illuminate\\Database\\Eloquent\\Concerns\\GuardsAttributes.php(155): Illuminate\\Database\\Console\\Seeds\\SeedCommand->{closure:Illuminate\\Database\\Console\\Seeds\\SeedCommand::handle():69}()
#8 C:\\Code\\mousumi_pos\\vendor\\laravel\\framework\\src\\Illuminate\\Database\\Console\\Seeds\\SeedCommand.php(69): Illuminate\\Database\\Eloquent\\Model::unguarded(Object(Closure))
#9 C:\\Code\\mousumi_pos\\vendor\\laravel\\framework\\src\\Illuminate\\Container\\BoundMethod.php(36): Illuminate\\Database\\Console\\Seeds\\SeedCommand->handle()
#10 C:\\Code\\mousumi_pos\\vendor\\laravel\\framework\\src\\Illuminate\\Container\\Util.php(43): Illuminate\\Container\\BoundMethod::{closure:Illuminate\\Container\\BoundMethod::call():35}()
#11 C:\\Code\\mousumi_pos\\vendor\\laravel\\framework\\src\\Illuminate\\Container\\BoundMethod.php(95): Illuminate\\Container\\Util::unwrapIfClosure(Object(Closure))
#12 C:\\Code\\mousumi_pos\\vendor\\laravel\\framework\\src\\Illuminate\\Container\\BoundMethod.php(35): Illuminate\\Container\\BoundMethod::callBoundMethod(Object(Illuminate\\Foundation\\Application), Array, Object(Closure))
#13 C:\\Code\\mousumi_pos\\vendor\\laravel\\framework\\src\\Illuminate\\Container\\Container.php(696): Illuminate\\Container\\BoundMethod::call(Object(Illuminate\\Foundation\\Application), Array, Array, NULL)
#14 C:\\Code\\mousumi_pos\\vendor\\laravel\\framework\\src\\Illuminate\\Console\\Command.php(213): Illuminate\\Container\\Container->call(Array)
#15 C:\\Code\\mousumi_pos\\vendor\\symfony\\console\\Command\\Command.php(279): Illuminate\\Console\\Command->execute(Object(Symfony\\Component\\Console\\Input\\ArgvInput), Object(Illuminate\\Console\\OutputStyle))
#16 C:\\Code\\mousumi_pos\\vendor\\laravel\\framework\\src\\Illuminate\\Console\\Command.php(182): Symfony\\Component\\Console\\Command\\Command->run(Object(Symfony\\Component\\Console\\Input\\ArgvInput), Object(Illuminate\\Console\\OutputStyle))
#17 C:\\Code\\mousumi_pos\\vendor\\symfony\\console\\Application.php(1094): Illuminate\\Console\\Command->run(Object(Symfony\\Component\\Console\\Input\\ArgvInput), Object(Symfony\\Component\\Console\\Output\\ConsoleOutput))
#18 C:\\Code\\mousumi_pos\\vendor\\symfony\\console\\Application.php(342): Symfony\\Component\\Console\\Application->doRunCommand(Object(Illuminate\\Database\\Console\\Seeds\\SeedCommand), Object(Symfony\\Component\\Console\\Input\\ArgvInput), Object(Symfony\\Component\\Console\\Output\\ConsoleOutput))
#19 C:\\Code\\mousumi_pos\\vendor\\symfony\\console\\Application.php(193): Symfony\\Component\\Console\\Application->doRun(Object(Symfony\\Component\\Console\\Input\\ArgvInput), Object(Symfony\\Component\\Console\\Output\\ConsoleOutput))
#20 C:\\Code\\mousumi_pos\\vendor\\laravel\\framework\\src\\Illuminate\\Foundation\\Console\\Kernel.php(198): Symfony\\Component\\Console\\Application->run(Object(Symfony\\Component\\Console\\Input\\ArgvInput), Object(Symfony\\Component\\Console\\Output\\ConsoleOutput))
#21 C:\\Code\\mousumi_pos\\vendor\\laravel\\framework\\src\\Illuminate\\Foundation\\Application.php(1235): Illuminate\\Foundation\\Console\\Kernel->handle(Object(Symfony\\Component\\Console\\Input\\ArgvInput), Object(Symfony\\Component\\Console\\Output\\ConsoleOutput))
#22 C:\\Code\\mousumi_pos\\artisan(13): Illuminate\\Foundation\\Application->handleCommand(Object(Symfony\\Component\\Console\\Input\\ArgvInput))
#23 {main}
"} 
[2026-04-01 10:36:48] local.ERROR: Uncaught Error: Undefined constant "n" in Command line code:1
Stack trace:
#0 {main}
  thrown {"exception":"[object] (Symfony\\Component\\ErrorHandler\\Error\\FatalError(code: 0): Uncaught Error: Undefined constant \"n\" in Command line code:1
Stack trace:
#0 {main}
  thrown at Command line code:1)
[stacktrace]
#0 {main}
"} 
[2026-04-01 11:12:28] local.ERROR: SQLSTATE[42S22]: Column not found: 1054 Unknown column 'branch_code' in 'where clause' (Connection: mysql, SQL: update `customers` set `branch_code` = ?, `branch_name` = ?, `customers`.`updated_at` = 2026-04-01 11:12:28 where `branch_code` is not null and LOWER(TRIM(name)) LIKE % branch % and LOWER(TRIM(name)) NOT LIKE % branch and (`address` is null or `address` = ) and `customers`.`deleted_at` is null) {"exception":"[object] (Illuminate\\Database\\QueryException(code: 42S22): SQLSTATE[42S22]: Column not found: 1054 Unknown column 'branch_code' in 'where clause' (Connection: mysql, SQL: update `customers` set `branch_code` = ?, `branch_name` = ?, `customers`.`updated_at` = 2026-04-01 11:12:28 where `branch_code` is not null and LOWER(TRIM(name)) LIKE % branch % and LOWER(TRIM(name)) NOT LIKE % branch and (`address` is null or `address` = ) and `customers`.`deleted_at` is null) at C:\\Code\\mousumi_pos\\vendor\\laravel\\framework\\src\\Illuminate\\Database\\Connection.php:825)
[stacktrace]
#0 C:\\Code\\mousumi_pos\\vendor\\laravel\\framework\\src\\Illuminate\\Database\\Connection.php(779): Illuminate\\Database\\Connection->runQueryCallback('update `custome...', Array, Object(Closure))
#1 C:\\Code\\mousumi_pos\\vendor\\laravel\\framework\\src\\Illuminate\\Database\\Connection.php(584): Illuminate\\Database\\Connection->run('update `custome...', Array, Object(Closure))
#2 C:\\Code\\mousumi_pos\\vendor\\laravel\\framework\\src\\Illuminate\\Database\\Connection.php(536): Illuminate\\Database\\Connection->affectingStatement('update `custome...', Array)
#3 C:\\Code\\mousumi_pos\\vendor\\laravel\\framework\\src\\Illuminate\\Database\\Query\\Builder.php(3830): Illuminate\\Database\\Connection->update('update `custome...', Array)
#4 C:\\Code\\mousumi_pos\\vendor\\laravel\\framework\\src\\Illuminate\\Database\\Eloquent\\Builder.php(1175): Illuminate\\Database\\Query\\Builder->update(Object(Illuminate\\Support\\Collection))
#5 C:\\Code\\mousumi_pos\\database\\seeders\\AssignCustomerBranchesSeeder.php(77): Illuminate\\Database\\Eloquent\\Builder->update(Array)
#6 C:\\Code\\mousumi_pos\\vendor\\laravel\\framework\\src\\Illuminate\\Container\\BoundMethod.php(36): Database\\Seeders\\AssignCustomerBranchesSeeder->run()
#7 C:\\Code\\mousumi_pos\\vendor\\laravel\\framework\\src\\Illuminate\\Container\\Util.php(43): Illuminate\\Container\\BoundMethod::{closure:Illuminate\\Container\\BoundMethod::call():35}()
#8 C:\\Code\\mousumi_pos\\vendor\\laravel\\framework\\src\\Illuminate\\Container\\BoundMethod.php(95): Illuminate\\Container\\Util::unwrapIfClosure(Object(Closure))
#9 C:\\Code\\mousumi_pos\\vendor\\laravel\\framework\\src\\Illuminate\\Container\\BoundMethod.php(35): Illuminate\\Container\\BoundMethod::callBoundMethod(Object(Illuminate\\Foundation\\Application), Array, Object(Closure))
#10 C:\\Code\\mousumi_pos\\vendor\\laravel\\framework\\src\\Illuminate\\Container\\Container.php(696): Illuminate\\Container\\BoundMethod::call(Object(Illuminate\\Foundation\\Application), Array, Array, NULL)
#11 C:\\Code\\mousumi_pos\\vendor\\laravel\\framework\\src\\Illuminate\\Database\\Seeder.php(184): Illuminate\\Container\\Container->call(Array, Array)
#12 C:\\Code\\mousumi_pos\\vendor\\laravel\\framework\\src\\Illuminate\\Database\\Seeder.php(193): Illuminate\\Database\\Seeder->{closure:Illuminate\\Database\\Seeder::__invoke():183}()
#13 C:\\Code\\mousumi_pos\\vendor\\laravel\\framework\\src\\Illuminate\\Database\\Console\\Seeds\\SeedCommand.php(70): Illuminate\\Database\\Seeder->__invoke()
#14 C:\\Code\\mousumi_pos\\vendor\\laravel\\framework\\src\\Illuminate\\Database\\Eloquent\\Concerns\\GuardsAttributes.php(155): Illuminate\\Database\\Console\\Seeds\\SeedCommand->{closure:Illuminate\\Database\\Console\\Seeds\\SeedCommand::handle():69}()
#15 C:\\Code\\mousumi_pos\\vendor\\laravel\\framework\\src\\Illuminate\\Database\\Console\\Seeds\\SeedCommand.php(69): Illuminate\\Database\\Eloquent\\Model::unguarded(Object(Closure))
#16 C:\\Code\\mousumi_pos\\vendor\\laravel\\framework\\src\\Illuminate\\Container\\BoundMethod.php(36): Illuminate\\Database\\Console\\Seeds\\SeedCommand->handle()
#17 C:\\Code\\mousumi_pos\\vendor\\laravel\\framework\\src\\Illuminate\\Container\\Util.php(43): Illuminate\\Container\\BoundMethod::{closure:Illuminate\\Container\\BoundMethod::call():35}()
#18 C:\\Code\\mousumi_pos\\vendor\\laravel\\framework\\src\\Illuminate\\Container\\BoundMethod.php(95): Illuminate\\Container\\Util::unwrapIfClosure(Object(Closure))
#19 C:\\Code\\mousumi_pos\\vendor\\laravel\\framework\\src\\Illuminate\\Container\\BoundMethod.php(35): Illuminate\\Container\\BoundMethod::callBoundMethod(Object(Illuminate\\Foundation\\Application), Array, Object(Closure))
#20 C:\\Code\\mousumi_pos\\vendor\\laravel\\framework\\src\\Illuminate\\Container\\Container.php(696): Illuminate\\Container\\BoundMethod::call(Object(Illuminate\\Foundation\\Application), Array, Array, NULL)
#21 C:\\Code\\mousumi_pos\\vendor\\laravel\\framework\\src\\Illuminate\\Console\\Command.php(213): Illuminate\\Container\\Container->call(Array)
#22 C:\\Code\\mousumi_pos\\vendor\\symfony\\console\\Command\\Command.php(279): Illuminate\\Console\\Command->execute(Object(Symfony\\Component\\Console\\Input\\ArgvInput), Object(Illuminate\\Console\\OutputStyle))
#23 C:\\Code\\mousumi_pos\\vendor\\laravel\\framework\\src\\Illuminate\\Console\\Command.php(182): Symfony\\Component\\Console\\Command\\Command->run(Object(Symfony\\Component\\Console\\Input\\ArgvInput), Object(Illuminate\\Console\\OutputStyle))
#24 C:\\Code\\mousumi_pos\\vendor\\symfony\\console\\Application.php(1094): Illuminate\\Console\\Command->run(Object(Symfony\\Component\\Console\\Input\\ArgvInput), Object(Symfony\\Component\\Console\\Output\\ConsoleOutput))
#25 C:\\Code\\mousumi_pos\\vendor\\symfony\\console\\Application.php(342): Symfony\\Component\\Console\\Application->doRunCommand(Object(Illuminate\\Database\\Console\\Seeds\\SeedCommand), Object(Symfony\\Component\\Console\\Input\\ArgvInput), Object(Symfony\\Component\\Console\\Output\\ConsoleOutput))
#26 C:\\Code\\mousumi_pos\\vendor\\symfony\\console\\Application.php(193): Symfony\\Component\\Console\\Application->doRun(Object(Symfony\\Component\\Console\\Input\\ArgvInput), Object(Symfony\\Component\\Console\\Output\\ConsoleOutput))
#27 C:\\Code\\mousumi_pos\\vendor\\laravel\\framework\\src\\Illuminate\\Foundation\\Console\\Kernel.php(198): Symfony\\Component\\Console\\Application->run(Object(Symfony\\Component\\Console\\Input\\ArgvInput), Object(Symfony\\Component\\Console\\Output\\ConsoleOutput))
#28 C:\\Code\\mousumi_pos\\vendor\\laravel\\framework\\src\\Illuminate\\Foundation\\Application.php(1235): Illuminate\\Foundation\\Console\\Kernel->handle(Object(Symfony\\Component\\Console\\Input\\ArgvInput), Object(Symfony\\Component\\Console\\Output\\ConsoleOutput))
#29 C:\\Code\\mousumi_pos\\artisan(13): Illuminate\\Foundation\\Application->handleCommand(Object(Symfony\\Component\\Console\\Input\\ArgvInput))
#30 {main}

[previous exception] [object] (PDOException(code: 42S22): SQLSTATE[42S22]: Column not found: 1054 Unknown column 'branch_code' in 'where clause' at C:\\Code\\mousumi_pos\\vendor\\laravel\\framework\\src\\Illuminate\\Database\\Connection.php:592)
[stacktrace]
#0 C:\\Code\\mousumi_pos\\vendor\\laravel\\framework\\src\\Illuminate\\Database\\Connection.php(592): PDO->prepare('update `custome...')
#1 C:\\Code\\mousumi_pos\\vendor\\laravel\\framework\\src\\Illuminate\\Database\\Connection.php(812): Illuminate\\Database\\Connection->{closure:Illuminate\\Database\\Connection::affectingStatement():584}('update `custome...', Array)
#2 C:\\Code\\mousumi_pos\\vendor\\laravel\\framework\\src\\Illuminate\\Database\\Connection.php(779): Illuminate\\Database\\Connection->runQueryCallback('update `custome...', Array, Object(Closure))
#3 C:\\Code\\mousumi_pos\\vendor\\laravel\\framework\\src\\Illuminate\\Database\\Connection.php(584): Illuminate\\Database\\Connection->run('update `custome...', Array, Object(Closure))
#4 C:\\Code\\mousumi_pos\\vendor\\laravel\\framework\\src\\Illuminate\\Database\\Connection.php(536): Illuminate\\Database\\Connection->affectingStatement('update `custome...', Array)
#5 C:\\Code\\mousumi_pos\\vendor\\laravel\\framework\\src\\Illuminate\\Database\\Query\\Builder.php(3830): Illuminate\\Database\\Connection->update('update `custome...', Array)
#6 C:\\Code\\mousumi_pos\\vendor\\laravel\\framework\\src\\Illuminate\\Database\\Eloquent\\Builder.php(1175): Illuminate\\Database\\Query\\Builder->update(Object(Illuminate\\Support\\Collection))
#7 C:\\Code\\mousumi_pos\\database\\seeders\\AssignCustomerBranchesSeeder.php(77): Illuminate\\Database\\Eloquent\\Builder->update(Array)
#8 C:\\Code\\mousumi_pos\\vendor\\laravel\\framework\\src\\Illuminate\\Container\\BoundMethod.php(36): Database\\Seeders\\AssignCustomerBranchesSeeder->run()
#9 C:\\Code\\mousumi_pos\\vendor\\laravel\\framework\\src\\Illuminate\\Container\\Util.php(43): Illuminate\\Container\\BoundMethod::{closure:Illuminate\\Container\\BoundMethod::call():35}()
#10 C:\\Code\\mousumi_pos\\vendor\\laravel\\framework\\src\\Illuminate\\Container\\BoundMethod.php(95): Illuminate\\Container\\Util::unwrapIfClosure(Object(Closure))
#11 C:\\Code\\mousumi_pos\\vendor\\laravel\\framework\\src\\Illuminate\\Container\\BoundMethod.php(35): Illuminate\\Container\\BoundMethod::callBoundMethod(Object(Illuminate\\Foundation\\Application), Array, Object(Closure))
#12 C:\\Code\\mousumi_pos\\vendor\\laravel\\framework\\src\\Illuminate\\Container\\Container.php(696): Illuminate\\Container\\BoundMethod::call(Object(Illuminate\\Foundation\\Application), Array, Array, NULL)
#13 C:\\Code\\mousumi_pos\\vendor\\laravel\\framework\\src\\Illuminate\\Database\\Seeder.php(184): Illuminate\\Container\\Container->call(Array, Array)
#14 C:\\Code\\mousumi_pos\\vendor\\laravel\\framework\\src\\Illuminate\\Database\\Seeder.php(193): Illuminate\\Database\\Seeder->{closure:Illuminate\\Database\\Seeder::__invoke():183}()
#15 C:\\Code\\mousumi_pos\\vendor\\laravel\\framework\\src\\Illuminate\\Database\\Console\\Seeds\\SeedCommand.php(70): Illuminate\\Database\\Seeder->__invoke()
#16 C:\\Code\\mousumi_pos\\vendor\\laravel\\framework\\src\\Illuminate\\Database\\Eloquent\\Concerns\\GuardsAttributes.php(155): Illuminate\\Database\\Console\\Seeds\\SeedCommand->{closure:Illuminate\\Database\\Console\\Seeds\\SeedCommand::handle():69}()
#17 C:\\Code\\mousumi_pos\\vendor\\laravel\\framework\\src\\Illuminate\\Database\\Console\\Seeds\\SeedCommand.php(69): Illuminate\\Database\\Eloquent\\Model::unguarded(Object(Closure))
#18 C:\\Code\\mousumi_pos\\vendor\\laravel\\framework\\src\\Illuminate\\Container\\BoundMethod.php(36): Illuminate\\Database\\Console\\Seeds\\SeedCommand->handle()
#19 C:\\Code\\mousumi_pos\\vendor\\laravel\\framework\\src\\Illuminate\\Container\\Util.php(43): Illuminate\\Container\\BoundMethod::{closure:Illuminate\\Container\\BoundMethod::call():35}()
#20 C:\\Code\\mousumi_pos\\vendor\\laravel\\framework\\src\\Illuminate\\Container\\BoundMethod.php(95): Illuminate\\Container\\Util::unwrapIfClosure(Object(Closure))
#21 C:\\Code\\mousumi_pos\\vendor\\laravel\\framework\\src\\Illuminate\\Container\\BoundMethod.php(35): Illuminate\\Container\\BoundMethod::callBoundMethod(Object(Illuminate\\Foundation\\Application), Array, Object(Closure))
#22 C:\\Code\\mousumi_pos\\vendor\\laravel\\framework\\src\\Illuminate\\Container\\Container.php(696): Illuminate\\Container\\BoundMethod::call(Object(Illuminate\\Foundation\\Application), Array, Array, NULL)
#23 C:\\Code\\mousumi_pos\\vendor\\laravel\\framework\\src\\Illuminate\\Console\\Command.php(213): Illuminate\\Container\\Container->call(Array)
#24 C:\\Code\\mousumi_pos\\vendor\\symfony\\console\\Command\\Command.php(279): Illuminate\\Console\\Command->execute(Object(Symfony\\Component\\Console\\Input\\ArgvInput), Object(Illuminate\\Console\\OutputStyle))
#25 C:\\Code\\mousumi_pos\\vendor\\laravel\\framework\\src\\Illuminate\\Console\\Command.php(182): Symfony\\Component\\Console\\Command\\Command->run(Object(Symfony\\Component\\Console\\Input\\ArgvInput), Object(Illuminate\\Console\\OutputStyle))
#26 C:\\Code\\mousumi_pos\\vendor\\symfony\\console\\Application.php(1094): Illuminate\\Console\\Command->run(Object(Symfony\\Component\\Console\\Input\\ArgvInput), Object(Symfony\\Component\\Console\\Output\\ConsoleOutput))
#27 C:\\Code\\mousumi_pos\\vendor\\symfony\\console\\Application.php(342): Symfony\\Component\\Console\\Application->doRunCommand(Object(Illuminate\\Database\\Console\\Seeds\\SeedCommand), Object(Symfony\\Component\\Console\\Input\\ArgvInput), Object(Symfony\\Component\\Console\\Output\\ConsoleOutput))
#28 C:\\Code\\mousumi_pos\\vendor\\symfony\\console\\Application.php(193): Symfony\\Component\\Console\\Application->doRun(Object(Symfony\\Component\\Console\\Input\\ArgvInput), Object(Symfony\\Component\\Console\\Output\\ConsoleOutput))
#29 C:\\Code\\mousumi_pos\\vendor\\laravel\\framework\\src\\Illuminate\\Foundation\\Console\\Kernel.php(198): Symfony\\Component\\Console\\Application->run(Object(Symfony\\Component\\Console\\Input\\ArgvInput), Object(Symfony\\Component\\Console\\Output\\ConsoleOutput))
#30 C:\\Code\\mousumi_pos\\vendor\\laravel\\framework\\src\\Illuminate\\Foundation\\Application.php(1235): Illuminate\\Foundation\\Console\\Kernel->handle(Object(Symfony\\Component\\Console\\Input\\ArgvInput), Object(Symfony\\Component\\Console\\Output\\ConsoleOutput))
#31 C:\\Code\\mousumi_pos\\artisan(13): Illuminate\\Foundation\\Application->handleCommand(Object(Symfony\\Component\\Console\\Input\\ArgvInput))
#32 {main}
"} 
[2026-04-01 11:25:46] local.INFO: Date Range {"start_date":"2026-04-01","end_date":"2026-04-30"} 
[2026-04-01 11:25:49] local.INFO: PDF Download Request: {"year":"2026","month":"4"} 
[2026-04-01 11:25:49] local.INFO: Date Range: {"start":"2026-04-01","end":"2026-04-30"} 
[2026-04-01 11:25:49] local.INFO: Data Retrieved: {"receiptTotal":107760.73,"paymentTotal":107760.73} 
[2026-04-01 11:26:59] local.INFO: Date Range {"start_date":"2026-04-01","end_date":"2026-04-30"} 
[2026-04-01 11:27:06] local.INFO: Date Range {"start_date":"2026-04-01","end_date":"2026-04-30"} 
[2026-04-01 11:27:07] local.INFO: Date Range {"start_date":"2026-04-01","end_date":"2026-04-30"} 
[2026-04-01 11:35:25] local.INFO: Date Range {"start_date":"2026-04-01","end_date":"2026-04-30"} 
[2026-04-01 11:47:17] local.INFO: Daily Transactions: {"2026-04-01":{"stdClass":{"date":"2026-04-01","fund_in":"0.00","payment_receive":"31245.00","refund":"0.00","fund_out":"0.00","purchase":"0.00","expense":"0.00"}}} 
[2026-04-01 11:47:17] local.INFO: Extra Incomes:  
[2026-04-01 11:47:49] local.INFO: Date Range {"start_date":"2026-04-01","end_date":"2026-04-30"} 
[2026-04-01 11:48:18] local.INFO: Date Range {"start_date":"2026-04-01","end_date":"2026-04-30"} 
[2026-04-01 12:52:45] local.INFO: Date Range {"start_date":"2026-04-01","end_date":"2026-04-30"} 
[2026-04-01 12:54:13] local.INFO: Daily Transactions: {"2026-04-01":{"stdClass":{"date":"2026-04-01","fund_in":"0.00","payment_receive":"31245.00","refund":"0.00","fund_out":"0.00","purchase":"0.00","expense":"0.00"}}} 
[2026-04-01 12:54:13] local.INFO: Extra Incomes:  
[2026-04-01 12:54:25] local.INFO: Daily Transactions: {"2026-03-01":{"stdClass":{"date":"2026-03-01","fund_in":"0.00","payment_receive":"47445.00","refund":"0.00","fund_out":"0.00","purchase":"0.00","expense":"0.00"}},"2026-03-02":{"stdClass":{"date":"2026-03-02","fund_in":"0.00","payment_receive":"31490.00","refund":"0.00","fund_out":"0.00","purchase":"0.00","expense":"0.00"}},"2026-03-03":{"stdClass":{"date":"2026-03-03","fund_in":"0.00","payment_receive":"49590.00","refund":"0.00","fund_out":"0.00","purchase":"0.00","expense":"0.00"}},"2026-03-04":{"stdClass":{"date":"2026-03-04","fund_in":"0.00","payment_receive":"21080.00","refund":"0.00","fund_out":"0.00","purchase":"2970.00","expense":"0.00"}},"2026-03-07":{"stdClass":{"date":"2026-03-07","fund_in":"0.00","payment_receive":"500.00","refund":"0.00","fund_out":"0.00","purchase":"0.00","expense":"0.00"}},"2026-03-08":{"stdClass":{"date":"2026-03-08","fund_in":"0.00","payment_receive":"10510.00","refund":"0.00","fund_out":"0.00","purchase":"0.00","expense":"0.00"}},"2026-03-10":{"stdClass":{"date":"2026-03-10","fund_in":"0.00","payment_receive":"2200.00","refund":"0.00","fund_out":"0.00","purchase":"0.00","expense":"0.00"}},"2026-03-11":{"stdClass":{"date":"2026-03-11","fund_in":"0.00","payment_receive":"8410.00","refund":"0.00","fund_out":"0.00","purchase":"0.00","expense":"0.00"}},"2026-03-12":{"stdClass":{"date":"2026-03-12","fund_in":"0.00","payment_receive":"9697.00","refund":"0.00","fund_out":"0.00","purchase":"0.00","expense":"0.00"}},"2026-03-14":{"stdClass":{"date":"2026-03-14","fund_in":"0.00","payment_receive":"7470.00","refund":"0.00","fund_out":"0.00","purchase":"0.00","expense":"0.00"}},"2026-03-15":{"stdClass":{"date":"2026-03-15","fund_in":"0.00","payment_receive":"4285.00","refund":"0.00","fund_out":"0.00","purchase":"0.00","expense":"0.00"}},"2026-03-16":{"stdClass":{"date":"2026-03-16","fund_in":"0.00","payment_receive":"100.00","refund":"0.00","fund_out":"0.00","purchase":"0.00","expense":"0.00"}},"2026-03-28":{"stdClass":{"date":"2026-03-28","fund_in":"0.00","payment_receive":"0.00","refund":"0.00","fund_out":"0.00","purchase":"74224.00","expense":"0.00"}},"2026-03-30":{"stdClass":{"date":"2026-03-30","fund_in":"0.00","payment_receive":"1100.00","refund":"0.00","fund_out":"0.00","purchase":"0.00","expense":"0.00"}},"2026-03-31":{"stdClass":{"date":"2026-03-31","fund_in":"0.00","payment_receive":"0.00","refund":"0.00","fund_out":"0.00","purchase":"6594.00","expense":"18750.00"}}} 
[2026-04-01 12:54:25] local.INFO: Extra Incomes: {"2026-03-08":{"stdClass":{"date":"2026-03-08","total_amount":"582.00"}},"2026-03-31":{"stdClass":{"date":"2026-03-31","total_amount":"325.00"}}} 
[2026-04-01 12:54:34] local.INFO: Date Range {"start_date":"2026-04-01","end_date":"2026-04-30"} 
[2026-04-01 12:54:38] local.INFO: Date Range {"start_date":"2026-03-01","end_date":"2026-03-31"} 
[2026-04-01 12:54:47] local.INFO: Date Range {"start_date":"2026-02-01","end_date":"2026-02-28"} 
[2026-04-01 12:54:50] local.INFO: Daily Transactions: {"2026-01-01":{"stdClass":{"date":"2026-01-01","fund_in":"0.00","payment_receive":"147024.00","refund":"0.00","fund_out":"0.00","purchase":"0.00","expense":"0.00"}},"2026-01-03":{"stdClass":{"date":"2026-01-03","fund_in":"0.00","payment_receive":"7726.00","refund":"0.00","fund_out":"0.00","purchase":"0.00","expense":"0.00"}},"2026-01-04":{"stdClass":{"date":"2026-01-04","fund_in":"0.00","payment_receive":"14044.00","refund":"0.00","fund_out":"0.00","purchase":"0.00","expense":"0.00"}},"2026-01-06":{"stdClass":{"date":"2026-01-06","fund_in":"0.00","payment_receive":"10393.00","refund":"0.00","fund_out":"0.00","purchase":"0.00","expense":"0.00"}},"2026-01-07":{"stdClass":{"date":"2026-01-07","fund_in":"0.00","payment_receive":"5625.00","refund":"0.00","fund_out":"0.00","purchase":"0.00","expense":"0.00"}},"2026-01-08":{"stdClass":{"date":"2026-01-08","fund_in":"0.00","payment_receive":"3422.00","refund":"0.00","fund_out":"0.00","purchase":"0.00","expense":"0.00"}},"2026-01-11":{"stdClass":{"date":"2026-01-11","fund_in":"0.00","payment_receive":"5817.00","refund":"0.00","fund_out":"0.00","purchase":"17820.00","expense":"0.00"}},"2026-01-12":{"stdClass":{"date":"2026-01-12","fund_in":"0.00","payment_receive":"8259.00","refund":"0.00","fund_out":"0.00","purchase":"0.00","expense":"0.00"}},"2026-01-14":{"stdClass":{"date":"2026-01-14","fund_in":"0.00","payment_receive":"12085.00","refund":"0.00","fund_out":"0.00","purchase":"0.00","expense":"0.00"}},"2026-01-15":{"stdClass":{"date":"2026-01-15","fund_in":"0.00","payment_receive":"3442.00","refund":"0.00","fund_out":"0.00","purchase":"0.00","expense":"0.00"}},"2026-01-18":{"stdClass":{"date":"2026-01-18","fund_in":"0.00","payment_receive":"11618.00","refund":"0.00","fund_out":"0.00","purchase":"93600.00","expense":"0.00"}},"2026-01-19":{"stdClass":{"date":"2026-01-19","fund_in":"0.00","payment_receive":"1637.00","refund":"0.00","fund_out":"0.00","purchase":"0.00","expense":"0.00"}},"2026-01-22":{"stdClass":{"date":"2026-01-22","fund_in":"0.00","payment_receive":"3984.00","refund":"0.00","fund_out":"0.00","purchase":"0.00","expense":"0.00"}},"2026-01-24":{"stdClass":{"date":"2026-01-24","fund_in":"0.00","payment_receive":"3170.00","refund":"0.00","fund_out":"0.00","purchase":"7020.00","expense":"0.00"}},"2026-01-25":{"stdClass":{"date":"2026-01-25","fund_in":"0.00","payment_receive":"4066.00","refund":"0.00","fund_out":"0.00","purchase":"0.00","expense":"0.00"}},"2026-01-26":{"stdClass":{"date":"2026-01-26","fund_in":"0.00","payment_receive":"3966.00","refund":"0.00","fund_out":"0.00","purchase":"0.00","expense":"0.00"}},"2026-01-27":{"stdClass":{"date":"2026-01-27","fund_in":"0.00","payment_receive":"2616.00","refund":"0.00","fund_out":"0.00","purchase":"0.00","expense":"0.00"}},"2026-01-28":{"stdClass":{"date":"2026-01-28","fund_in":"0.00","payment_receive":"2662.00","refund":"0.00","fund_out":"0.00","purchase":"132843.00","expense":"0.00"}},"2026-01-31":{"stdClass":{"date":"2026-01-31","fund_in":"0.00","payment_receive":"2239.00","refund":"0.00","fund_out":"0.00","purchase":"35230.00","expense":"2107.68"}}} 
[2026-04-01 12:54:50] local.INFO: Extra Incomes: {"2026-01-31":{"stdClass":{"date":"2026-01-31","total_amount":"1751.94"}}} 
[2026-04-01 12:54:53] local.INFO: Daily Transactions: {"2026-02-01":{"stdClass":{"date":"2026-02-01","fund_in":"0.00","payment_receive":"0.00","refund":"0.00","fund_out":"0.00","purchase":"0.00","expense":"0.00"}},"2026-02-02":{"stdClass":{"date":"2026-02-02","fund_in":"0.00","payment_receive":"179541.00","refund":"0.00","fund_out":"0.00","purchase":"0.00","expense":"0.00"}},"2026-02-04":{"stdClass":{"date":"2026-02-04","fund_in":"0.00","payment_receive":"13542.00","refund":"0.00","fund_out":"0.00","purchase":"4315.00","expense":"13176.00"}},"2026-02-10":{"stdClass":{"date":"2026-02-10","fund_in":"0.00","payment_receive":"13495.00","refund":"0.00","fund_out":"0.00","purchase":"0.00","expense":"0.00"}},"2026-02-14":{"stdClass":{"date":"2026-02-14","fund_in":"0.00","payment_receive":"770.00","refund":"0.00","fund_out":"0.00","purchase":"130325.00","expense":"0.00"}},"2026-02-15":{"stdClass":{"date":"2026-02-15","fund_in":"0.00","payment_receive":"1850.00","refund":"0.00","fund_out":"0.00","purchase":"0.00","expense":"0.00"}},"2026-02-16":{"stdClass":{"date":"2026-02-16","fund_in":"0.00","payment_receive":"1925.00","refund":"0.00","fund_out":"0.00","purchase":"0.00","expense":"0.00"}},"2026-02-17":{"stdClass":{"date":"2026-02-17","fund_in":"0.00","payment_receive":"3005.00","refund":"0.00","fund_out":"0.00","purchase":"0.00","expense":"0.00"}},"2026-02-20":{"stdClass":{"date":"2026-02-20","fund_in":"0.00","payment_receive":"1900.00","refund":"0.00","fund_out":"0.00","purchase":"0.00","expense":"0.00"}},"2026-02-23":{"stdClass":{"date":"2026-02-23","fund_in":"0.00","payment_receive":"8095.00","refund":"0.00","fund_out":"0.00","purchase":"0.00","expense":"0.00"}},"2026-02-24":{"stdClass":{"date":"2026-02-24","fund_in":"0.00","payment_receive":"18004.00","refund":"0.00","fund_out":"0.00","purchase":"128160.00","expense":"0.00"}},"2026-02-25":{"stdClass":{"date":"2026-02-25","fund_in":"0.00","payment_receive":"0.00","refund":"0.00","fund_out":"0.00","purchase":"14718.00","expense":"0.00"}},"2026-02-26":{"stdClass":{"date":"2026-02-26","fund_in":"0.00","payment_receive":"0.00","refund":"0.00","fund_out":"0.00","purchase":"8220.00","expense":"0.00"}},"2026-02-28":{"stdClass":{"date":"2026-02-28","fund_in":"0.00","payment_receive":"9960.00","refund":"0.00","fund_out":"0.00","purchase":"101670.00","expense":"13634.00"}}} 
[2026-04-01 12:54:53] local.INFO: Extra Incomes: {"2026-02-28":{"stdClass":{"date":"2026-02-28","total_amount":"110.00"}}} 
[2026-04-01 12:55:03] local.INFO: Daily Transactions: {"2026-01-01":{"stdClass":{"date":"2026-01-01","fund_in":"0.00","payment_receive":"147024.00","refund":"0.00","fund_out":"0.00","purchase":"0.00","expense":"0.00"}},"2026-01-03":{"stdClass":{"date":"2026-01-03","fund_in":"0.00","payment_receive":"7726.00","refund":"0.00","fund_out":"0.00","purchase":"0.00","expense":"0.00"}},"2026-01-04":{"stdClass":{"date":"2026-01-04","fund_in":"0.00","payment_receive":"14044.00","refund":"0.00","fund_out":"0.00","purchase":"0.00","expense":"0.00"}},"2026-01-06":{"stdClass":{"date":"2026-01-06","fund_in":"0.00","payment_receive":"10393.00","refund":"0.00","fund_out":"0.00","purchase":"0.00","expense":"0.00"}},"2026-01-07":{"stdClass":{"date":"2026-01-07","fund_in":"0.00","payment_receive":"5625.00","refund":"0.00","fund_out":"0.00","purchase":"0.00","expense":"0.00"}},"2026-01-08":{"stdClass":{"date":"2026-01-08","fund_in":"0.00","payment_receive":"3422.00","refund":"0.00","fund_out":"0.00","purchase":"0.00","expense":"0.00"}},"2026-01-11":{"stdClass":{"date":"2026-01-11","fund_in":"0.00","payment_receive":"5817.00","refund":"0.00","fund_out":"0.00","purchase":"17820.00","expense":"0.00"}},"2026-01-12":{"stdClass":{"date":"2026-01-12","fund_in":"0.00","payment_receive":"8259.00","refund":"0.00","fund_out":"0.00","purchase":"0.00","expense":"0.00"}},"2026-01-14":{"stdClass":{"date":"2026-01-14","fund_in":"0.00","payment_receive":"12085.00","refund":"0.00","fund_out":"0.00","purchase":"0.00","expense":"0.00"}},"2026-01-15":{"stdClass":{"date":"2026-01-15","fund_in":"0.00","payment_receive":"3442.00","refund":"0.00","fund_out":"0.00","purchase":"0.00","expense":"0.00"}},"2026-01-18":{"stdClass":{"date":"2026-01-18","fund_in":"0.00","payment_receive":"11618.00","refund":"0.00","fund_out":"0.00","purchase":"93600.00","expense":"0.00"}},"2026-01-19":{"stdClass":{"date":"2026-01-19","fund_in":"0.00","payment_receive":"1637.00","refund":"0.00","fund_out":"0.00","purchase":"0.00","expense":"0.00"}},"2026-01-22":{"stdClass":{"date":"2026-01-22","fund_in":"0.00","payment_receive":"3984.00","refund":"0.00","fund_out":"0.00","purchase":"0.00","expense":"0.00"}},"2026-01-24":{"stdClass":{"date":"2026-01-24","fund_in":"0.00","payment_receive":"3170.00","refund":"0.00","fund_out":"0.00","purchase":"7020.00","expense":"0.00"}},"2026-01-25":{"stdClass":{"date":"2026-01-25","fund_in":"0.00","payment_receive":"4066.00","refund":"0.00","fund_out":"0.00","purchase":"0.00","expense":"0.00"}},"2026-01-26":{"stdClass":{"date":"2026-01-26","fund_in":"0.00","payment_receive":"3966.00","refund":"0.00","fund_out":"0.00","purchase":"0.00","expense":"0.00"}},"2026-01-27":{"stdClass":{"date":"2026-01-27","fund_in":"0.00","payment_receive":"2616.00","refund":"0.00","fund_out":"0.00","purchase":"0.00","expense":"0.00"}},"2026-01-28":{"stdClass":{"date":"2026-01-28","fund_in":"0.00","payment_receive":"2662.00","refund":"0.00","fund_out":"0.00","purchase":"132843.00","expense":"0.00"}},"2026-01-31":{"stdClass":{"date":"2026-01-31","fund_in":"0.00","payment_receive":"2239.00","refund":"0.00","fund_out":"0.00","purchase":"35230.00","expense":"2107.68"}}} 
[2026-04-01 12:55:03] local.INFO: Extra Incomes: {"2026-01-31":{"stdClass":{"date":"2026-01-31","total_amount":"1751.94"}}} 
[2026-04-01 12:55:08] local.INFO: Date Range {"start_date":"2026-01-01","end_date":"2026-01-31"} 
[2026-04-01 12:56:18] local.INFO: Daily Transactions: {"2026-01-01":{"stdClass":{"date":"2026-01-01","fund_in":"0.00","payment_receive":"147024.00","refund":"0.00","fund_out":"0.00","purchase":"0.00","expense":"0.00"}},"2026-01-03":{"stdClass":{"date":"2026-01-03","fund_in":"0.00","payment_receive":"7726.00","refund":"0.00","fund_out":"0.00","purchase":"0.00","expense":"0.00"}},"2026-01-04":{"stdClass":{"date":"2026-01-04","fund_in":"0.00","payment_receive":"14044.00","refund":"0.00","fund_out":"0.00","purchase":"0.00","expense":"0.00"}},"2026-01-06":{"stdClass":{"date":"2026-01-06","fund_in":"0.00","payment_receive":"10393.00","refund":"0.00","fund_out":"0.00","purchase":"0.00","expense":"0.00"}},"2026-01-07":{"stdClass":{"date":"2026-01-07","fund_in":"0.00","payment_receive":"5625.00","refund":"0.00","fund_out":"0.00","purchase":"0.00","expense":"0.00"}},"2026-01-08":{"stdClass":{"date":"2026-01-08","fund_in":"0.00","payment_receive":"3422.00","refund":"0.00","fund_out":"0.00","purchase":"0.00","expense":"0.00"}},"2026-01-11":{"stdClass":{"date":"2026-01-11","fund_in":"0.00","payment_receive":"5817.00","refund":"0.00","fund_out":"0.00","purchase":"17820.00","expense":"0.00"}},"2026-01-12":{"stdClass":{"date":"2026-01-12","fund_in":"0.00","payment_receive":"8259.00","refund":"0.00","fund_out":"0.00","purchase":"0.00","expense":"0.00"}},"2026-01-14":{"stdClass":{"date":"2026-01-14","fund_in":"0.00","payment_receive":"12085.00","refund":"0.00","fund_out":"0.00","purchase":"0.00","expense":"0.00"}},"2026-01-15":{"stdClass":{"date":"2026-01-15","fund_in":"0.00","payment_receive":"3442.00","refund":"0.00","fund_out":"0.00","purchase":"0.00","expense":"0.00"}},"2026-01-18":{"stdClass":{"date":"2026-01-18","fund_in":"0.00","payment_receive":"11618.00","refund":"0.00","fund_out":"0.00","purchase":"93600.00","expense":"0.00"}},"2026-01-19":{"stdClass":{"date":"2026-01-19","fund_in":"0.00","payment_receive":"1637.00","refund":"0.00","fund_out":"0.00","purchase":"0.00","expense":"0.00"}},"2026-01-22":{"stdClass":{"date":"2026-01-22","fund_in":"0.00","payment_receive":"3984.00","refund":"0.00","fund_out":"0.00","purchase":"0.00","expense":"0.00"}},"2026-01-24":{"stdClass":{"date":"2026-01-24","fund_in":"0.00","payment_receive":"3170.00","refund":"0.00","fund_out":"0.00","purchase":"7020.00","expense":"0.00"}},"2026-01-25":{"stdClass":{"date":"2026-01-25","fund_in":"0.00","payment_receive":"4066.00","refund":"0.00","fund_out":"0.00","purchase":"0.00","expense":"0.00"}},"2026-01-26":{"stdClass":{"date":"2026-01-26","fund_in":"0.00","payment_receive":"3966.00","refund":"0.00","fund_out":"0.00","purchase":"0.00","expense":"0.00"}},"2026-01-27":{"stdClass":{"date":"2026-01-27","fund_in":"0.00","payment_receive":"2616.00","refund":"0.00","fund_out":"0.00","purchase":"0.00","expense":"0.00"}},"2026-01-28":{"stdClass":{"date":"2026-01-28","fund_in":"0.00","payment_receive":"2662.00","refund":"0.00","fund_out":"0.00","purchase":"132843.00","expense":"0.00"}},"2026-01-31":{"stdClass":{"date":"2026-01-31","fund_in":"0.00","payment_receive":"2239.00","refund":"0.00","fund_out":"0.00","purchase":"35230.00","expense":"2107.68"}}} 
[2026-04-01 12:56:18] local.INFO: Extra Incomes: {"2026-01-31":{"stdClass":{"date":"2026-01-31","total_amount":"1751.94"}}} 
[2026-04-01 12:56:23] local.INFO: Date Range {"start_date":"2026-01-01","end_date":"2026-01-31"} 
[2026-04-01 12:56:44] local.INFO: Daily Transactions: {"2026-04-01":{"stdClass":{"date":"2026-04-01","fund_in":"0.00","payment_receive":"31245.00","refund":"0.00","fund_out":"0.00","purchase":"0.00","expense":"0.00"}}} 
[2026-04-01 12:56:44] local.INFO: Extra Incomes:  
[2026-04-01 12:58:02] local.INFO: Daily Transactions: {"2026-04-01":{"stdClass":{"date":"2026-04-01","fund_in":"0.00","payment_receive":"31245.00","refund":"0.00","fund_out":"0.00","purchase":"0.00","expense":"0.00"}}} 
[2026-04-01 12:58:02] local.INFO: Extra Incomes:  
[2026-04-01 12:58:05] local.INFO: Daily Transactions: {"2026-03-01":{"stdClass":{"date":"2026-03-01","fund_in":"0.00","payment_receive":"47445.00","refund":"0.00","fund_out":"0.00","purchase":"0.00","expense":"0.00"}},"2026-03-02":{"stdClass":{"date":"2026-03-02","fund_in":"0.00","payment_receive":"31490.00","refund":"0.00","fund_out":"0.00","purchase":"0.00","expense":"0.00"}},"2026-03-03":{"stdClass":{"date":"2026-03-03","fund_in":"0.00","payment_receive":"49590.00","refund":"0.00","fund_out":"0.00","purchase":"0.00","expense":"0.00"}},"2026-03-04":{"stdClass":{"date":"2026-03-04","fund_in":"0.00","payment_receive":"21080.00","refund":"0.00","fund_out":"0.00","purchase":"2970.00","expense":"0.00"}},"2026-03-07":{"stdClass":{"date":"2026-03-07","fund_in":"0.00","payment_receive":"500.00","refund":"0.00","fund_out":"0.00","purchase":"0.00","expense":"0.00"}},"2026-03-08":{"stdClass":{"date":"2026-03-08","fund_in":"0.00","payment_receive":"10510.00","refund":"0.00","fund_out":"0.00","purchase":"0.00","expense":"0.00"}},"2026-03-10":{"stdClass":{"date":"2026-03-10","fund_in":"0.00","payment_receive":"2200.00","refund":"0.00","fund_out":"0.00","purchase":"0.00","expense":"0.00"}},"2026-03-11":{"stdClass":{"date":"2026-03-11","fund_in":"0.00","payment_receive":"8410.00","refund":"0.00","fund_out":"0.00","purchase":"0.00","expense":"0.00"}},"2026-03-12":{"stdClass":{"date":"2026-03-12","fund_in":"0.00","payment_receive":"9697.00","refund":"0.00","fund_out":"0.00","purchase":"0.00","expense":"0.00"}},"2026-03-14":{"stdClass":{"date":"2026-03-14","fund_in":"0.00","payment_receive":"7470.00","refund":"0.00","fund_out":"0.00","purchase":"0.00","expense":"0.00"}},"2026-03-15":{"stdClass":{"date":"2026-03-15","fund_in":"0.00","payment_receive":"4285.00","refund":"0.00","fund_out":"0.00","purchase":"0.00","expense":"0.00"}},"2026-03-16":{"stdClass":{"date":"2026-03-16","fund_in":"0.00","payment_receive":"100.00","refund":"0.00","fund_out":"0.00","purchase":"0.00","expense":"0.00"}},"2026-03-28":{"stdClass":{"date":"2026-03-28","fund_in":"0.00","payment_receive":"0.00","refund":"0.00","fund_out":"0.00","purchase":"74224.00","expense":"0.00"}},"2026-03-30":{"stdClass":{"date":"2026-03-30","fund_in":"0.00","payment_receive":"1100.00","refund":"0.00","fund_out":"0.00","purchase":"0.00","expense":"0.00"}},"2026-03-31":{"stdClass":{"date":"2026-03-31","fund_in":"0.00","payment_receive":"0.00","refund":"0.00","fund_out":"0.00","purchase":"6594.00","expense":"18750.00"}}} 
[2026-04-01 12:58:05] local.INFO: Extra Incomes: {"2026-03-08":{"stdClass":{"date":"2026-03-08","total_amount":"582.00"}},"2026-03-31":{"stdClass":{"date":"2026-03-31","total_amount":"325.00"}}} 
[2026-04-01 12:58:50] local.INFO: Date Range {"start_date":"2026-04-01","end_date":"2026-04-30"} 
[2026-04-01 12:58:57] local.INFO: Date Range {"start_date":"2026-03-01","end_date":"2026-03-31"} 
[2026-04-01 13:04:38] local.ERROR: Uncaught Error: Call to undefined function orderBy() in Command line code:1
Stack trace:
#0 {main}
  thrown {"exception":"[object] (Symfony\\Component\\ErrorHandler\\Error\\FatalError(code: 0): Uncaught Error: Call to undefined function orderBy() in Command line code:1
Stack trace:
#0 {main}
  thrown at Command line code:1)
[stacktrace]
#0 {main}
"} 
[2026-04-01 13:04:50] local.ERROR: Uncaught Error: Call to undefined function u003EorderBy() in Command line code:1
Stack trace:
#0 {main}
  thrown {"exception":"[object] (Symfony\\Component\\ErrorHandler\\Error\\FatalError(code: 0): Uncaught Error: Call to undefined function u003EorderBy() in Command line code:1
Stack trace:
#0 {main}
  thrown at Command line code:1)
[stacktrace]
#0 {main}
"} 
[2026-04-01 13:09:01] local.INFO: Date Range {"start_date":"2026-03-01","end_date":"2026-03-31"} 
[2026-04-01 13:09:21] local.INFO: Daily Transactions: {"2026-03-01":{"stdClass":{"date":"2026-03-01","fund_in":"0.00","payment_receive":"47445.00","refund":"0.00","fund_out":"0.00","purchase":"0.00","expense":"0.00"}},"2026-03-02":{"stdClass":{"date":"2026-03-02","fund_in":"0.00","payment_receive":"31490.00","refund":"0.00","fund_out":"0.00","purchase":"0.00","expense":"0.00"}},"2026-03-03":{"stdClass":{"date":"2026-03-03","fund_in":"0.00","payment_receive":"49590.00","refund":"0.00","fund_out":"0.00","purchase":"0.00","expense":"0.00"}},"2026-03-04":{"stdClass":{"date":"2026-03-04","fund_in":"0.00","payment_receive":"21080.00","refund":"0.00","fund_out":"0.00","purchase":"2970.00","expense":"0.00"}},"2026-03-07":{"stdClass":{"date":"2026-03-07","fund_in":"0.00","payment_receive":"500.00","refund":"0.00","fund_out":"0.00","purchase":"0.00","expense":"0.00"}},"2026-03-08":{"stdClass":{"date":"2026-03-08","fund_in":"0.00","payment_receive":"10510.00","refund":"0.00","fund_out":"0.00","purchase":"0.00","expense":"0.00"}},"2026-03-10":{"stdClass":{"date":"2026-03-10","fund_in":"0.00","payment_receive":"2200.00","refund":"0.00","fund_out":"0.00","purchase":"0.00","expense":"0.00"}},"2026-03-11":{"stdClass":{"date":"2026-03-11","fund_in":"0.00","payment_receive":"8410.00","refund":"0.00","fund_out":"0.00","purchase":"0.00","expense":"0.00"}},"2026-03-12":{"stdClass":{"date":"2026-03-12","fund_in":"0.00","payment_receive":"9697.00","refund":"0.00","fund_out":"0.00","purchase":"0.00","expense":"0.00"}},"2026-03-14":{"stdClass":{"date":"2026-03-14","fund_in":"0.00","payment_receive":"7470.00","refund":"0.00","fund_out":"0.00","purchase":"0.00","expense":"0.00"}},"2026-03-15":{"stdClass":{"date":"2026-03-15","fund_in":"0.00","payment_receive":"4285.00","refund":"0.00","fund_out":"0.00","purchase":"0.00","expense":"0.00"}},"2026-03-16":{"stdClass":{"date":"2026-03-16","fund_in":"0.00","payment_receive":"100.00","refund":"0.00","fund_out":"0.00","purchase":"0.00","expense":"0.00"}},"2026-03-28":{"stdClass":{"date":"2026-03-28","fund_in":"0.00","payment_receive":"0.00","refund":"0.00","fund_out":"0.00","purchase":"74224.00","expense":"0.00"}},"2026-03-30":{"stdClass":{"date":"2026-03-30","fund_in":"0.00","payment_receive":"1100.00","refund":"0.00","fund_out":"0.00","purchase":"0.00","expense":"0.00"}},"2026-03-31":{"stdClass":{"date":"2026-03-31","fund_in":"0.00","payment_receive":"0.00","refund":"0.00","fund_out":"0.00","purchase":"6594.00","expense":"18750.00"}}} 
[2026-04-01 13:09:21] local.INFO: Extra Incomes: {"2026-03-08":{"stdClass":{"date":"2026-03-08","total_amount":"582.00"}},"2026-03-31":{"stdClass":{"date":"2026-03-31","total_amount":"325.00"}}} 
[2026-04-01 13:09:40] local.INFO: Daily Transactions: {"2026-02-01":{"stdClass":{"date":"2026-02-01","fund_in":"0.00","payment_receive":"0.00","refund":"0.00","fund_out":"0.00","purchase":"0.00","expense":"0.00"}},"2026-02-02":{"stdClass":{"date":"2026-02-02","fund_in":"0.00","payment_receive":"179541.00","refund":"0.00","fund_out":"0.00","purchase":"0.00","expense":"0.00"}},"2026-02-04":{"stdClass":{"date":"2026-02-04","fund_in":"0.00","payment_receive":"13542.00","refund":"0.00","fund_out":"0.00","purchase":"4315.00","expense":"13176.00"}},"2026-02-10":{"stdClass":{"date":"2026-02-10","fund_in":"0.00","payment_receive":"13495.00","refund":"0.00","fund_out":"0.00","purchase":"0.00","expense":"0.00"}},"2026-02-14":{"stdClass":{"date":"2026-02-14","fund_in":"0.00","payment_receive":"770.00","refund":"0.00","fund_out":"0.00","purchase":"130325.00","expense":"0.00"}},"2026-02-15":{"stdClass":{"date":"2026-02-15","fund_in":"0.00","payment_receive":"1850.00","refund":"0.00","fund_out":"0.00","purchase":"0.00","expense":"0.00"}},"2026-02-16":{"stdClass":{"date":"2026-02-16","fund_in":"0.00","payment_receive":"1925.00","refund":"0.00","fund_out":"0.00","purchase":"0.00","expense":"0.00"}},"2026-02-17":{"stdClass":{"date":"2026-02-17","fund_in":"0.00","payment_receive":"3005.00","refund":"0.00","fund_out":"0.00","purchase":"0.00","expense":"0.00"}},"2026-02-20":{"stdClass":{"date":"2026-02-20","fund_in":"0.00","payment_receive":"1900.00","refund":"0.00","fund_out":"0.00","purchase":"0.00","expense":"0.00"}},"2026-02-23":{"stdClass":{"date":"2026-02-23","fund_in":"0.00","payment_receive":"8095.00","refund":"0.00","fund_out":"0.00","purchase":"0.00","expense":"0.00"}},"2026-02-24":{"stdClass":{"date":"2026-02-24","fund_in":"0.00","payment_receive":"18004.00","refund":"0.00","fund_out":"0.00","purchase":"128160.00","expense":"0.00"}},"2026-02-25":{"stdClass":{"date":"2026-02-25","fund_in":"0.00","payment_receive":"0.00","refund":"0.00","fund_out":"0.00","purchase":"14718.00","expense":"0.00"}},"2026-02-26":{"stdClass":{"date":"2026-02-26","fund_in":"0.00","payment_receive":"0.00","refund":"0.00","fund_out":"0.00","purchase":"8220.00","expense":"0.00"}},"2026-02-28":{"stdClass":{"date":"2026-02-28","fund_in":"0.00","payment_receive":"9960.00","refund":"0.00","fund_out":"0.00","purchase":"101670.00","expense":"13634.00"}}} 
[2026-04-01 13:09:40] local.INFO: Extra Incomes: {"2026-02-28":{"stdClass":{"date":"2026-02-28","total_amount":"110.00"}}} 
[2026-04-01 13:09:41] local.INFO: Date Range {"start_date":"2026-02-01","end_date":"2026-02-28"} 
[2026-04-01 13:09:55] local.INFO: Date Range {"start_date":"2026-04-01","end_date":"2026-04-30"} 
[2026-04-02 06:13:55] local.INFO: POS Store Request: {"customer_id":10,"items":[{"product_id":3,"name":"Ispahani Tea Pack (400g)","sku":"I-7961","unit_price":200,"quantity":1,"max_stock":24},{"product_id":4,"name":"Sugar (1kg)","sku":"C-8503","unit_price":125,"quantity":1,"max_stock":107},{"product_id":6,"name":"Lifebuoy Handwash Refil (170ml)","sku":"L-6999","unit_price":65,"quantity":1,"max_stock":214}],"subtotal":390,"discount":0,"total":390,"paid":390,"due":0,"bank_account_id":1,"note":null}  
[2026-04-02 06:13:55] local.INFO: Validation passed  
[2026-04-02 06:13:55] local.INFO: Transaction started  
[2026-04-02 06:13:55] local.INFO: Sale created with ID: 203  
[2026-04-02 06:13:55] local.INFO: Processing item 0: {"product_id":3,"name":"Ispahani Tea Pack (400g)","sku":"I-7961","unit_price":200,"quantity":1,"max_stock":24}  
[2026-04-02 06:13:55] local.INFO: Stock check: before=24.000000, after=23  
[2026-04-02 06:13:55] local.INFO: Sale item created for product ID: 3  
[2026-04-02 06:13:55] local.ERROR: POS Error: SQLSTATE[HY000]: General error: 1364 Field 'date' doesn't have a default value (Connection: mysql, SQL: insert into `product_stocks` (`product_id`, `quantity`, `available_quantity`, `type`, `unit_cost`, `total_cost`, `created_by`, `updated_at`, `created_at`) values (3, -1, 23, sale, 182.00, 182, 4, 2026-04-02 06:13:55, 2026-04-02 06:13:55)) at C:\2024\MOUSUMI\mousumi_pos\vendor\laravel\framework\src\Illuminate\Database\Connection.php:825  
[2026-04-02 06:19:53] local.INFO: POS Store Request: {"customer_id":10,"items":[{"product_id":3,"name":"Ispahani Tea Pack (400g)","sku":"I-7961","unit_price":200,"quantity":1,"max_stock":24},{"product_id":5,"name":"Lifebuoy Handwash Pump (200ml)","sku":"L-1770","unit_price":105,"quantity":1,"max_stock":19},{"product_id":6,"name":"Lifebuoy Handwash Refil (170ml)","sku":"L-6999","unit_price":65,"quantity":1,"max_stock":214}],"subtotal":370,"discount":0,"total":370,"paid":370,"due":0,"bank_account_id":1,"note":null}  
[2026-04-02 06:19:53] local.INFO: Validation passed  
[2026-04-02 06:19:53] local.INFO: Transaction started  
[2026-04-02 06:19:53] local.INFO: Sale created with ID: 204  
[2026-04-02 06:19:53] local.INFO: Processing item 0: {"product_id":3,"name":"Ispahani Tea Pack (400g)","sku":"I-7961","unit_price":200,"quantity":1,"max_stock":24}  
[2026-04-02 06:19:53] local.INFO: Stock check: before=24.000000, after=23  
[2026-04-02 06:19:53] local.INFO: Sale item created for product ID: 3  
[2026-04-02 06:19:53] local.INFO: Product stock updated for product ID: 3  
[2026-04-02 06:19:53] local.INFO: Stock movement recorded for product ID: 3  
[2026-04-02 06:19:53] local.INFO: Processing item 1: {"product_id":5,"name":"Lifebuoy Handwash Pump (200ml)","sku":"L-1770","unit_price":105,"quantity":1,"max_stock":19}  
[2026-04-02 06:19:53] local.INFO: Stock check: before=19.000000, after=18  
[2026-04-02 06:19:53] local.INFO: Sale item created for product ID: 5  
[2026-04-02 06:19:53] local.INFO: Product stock updated for product ID: 5  
[2026-04-02 06:19:53] local.INFO: Stock movement recorded for product ID: 5  
[2026-04-02 06:19:53] local.INFO: Processing item 2: {"product_id":6,"name":"Lifebuoy Handwash Refil (170ml)","sku":"L-6999","unit_price":65,"quantity":1,"max_stock":214}  
[2026-04-02 06:19:53] local.INFO: Stock check: before=214.000000, after=213  
[2026-04-02 06:19:53] local.INFO: Sale item created for product ID: 6  
[2026-04-02 06:19:53] local.INFO: Product stock updated for product ID: 6  
[2026-04-02 06:19:53] local.INFO: Stock movement recorded for product ID: 6  
[2026-04-02 06:19:53] local.INFO: Processing payment of 370 to bank account ID: 1  
[2026-04-02 06:19:53] local.INFO: Transaction committed successfully with invoice number: INV-20260402-0001  
